d:\github\redice2\redice2\redice2\x64\debug\vc143.pdb
d:\github\redice2\redice2\redice2\x64\debug\vc143.idb
d:\github\redice2\redice2\redice2\x64\debug\shop.obj
d:\github\redice2\redice2\redice2\x64\debug\redice2.obj
d:\github\redice2\redice2\redice2\x64\debug\playercontroller.obj
d:\github\redice2\redice2\redice2\x64\debug\level_4.obj
d:\github\redice2\redice2\redice2\x64\debug\level_3.obj
d:\github\redice2\redice2\redice2\x64\debug\level_2.obj
d:\github\redice2\redice2\redice2\x64\debug\level_1.obj
d:\github\redice2\redice2\redice2\x64\debug\gamemanager.obj
d:\github\redice2\redice2\redice2\x64\debug\level_5.obj
d:\github\redice2\redice2\redice2\x64\debug\text.obj
d:\github\redice2\redice2\redice2\x64\debug\enemies.obj
d:\github\redice2\redice2\x64\debug\redice2.exe
d:\github\redice2\redice2\x64\debug\redice2.pdb
d:\github\redice2\redice2\redice2\x64\debug\redice2.res
d:\github\redice2\redice2\redice2\x64\debug\redice2.ilk
d:\github\redice2\redice2\redice2\x64\debug\redice2.tlog\cl.command.1.tlog
d:\github\redice2\redice2\redice2\x64\debug\redice2.tlog\cl.items.tlog
d:\github\redice2\redice2\redice2\x64\debug\redice2.tlog\cl.read.1.tlog
d:\github\redice2\redice2\redice2\x64\debug\redice2.tlog\cl.write.1.tlog
d:\github\redice2\redice2\redice2\x64\debug\redice2.tlog\link.command.1.tlog
d:\github\redice2\redice2\redice2\x64\debug\redice2.tlog\link.read.1.tlog
d:\github\redice2\redice2\redice2\x64\debug\redice2.tlog\link.secondary.1.tlog
d:\github\redice2\redice2\redice2\x64\debug\redice2.tlog\link.write.1.tlog
d:\github\redice2\redice2\redice2\x64\debug\redice2.tlog\rc.command.1.tlog
d:\github\redice2\redice2\redice2\x64\debug\redice2.tlog\rc.read.1.tlog
d:\github\redice2\redice2\redice2\x64\debug\redice2.tlog\rc.write.1.tlog
