  Enemies.cpp
  GameManager.cpp
  Level_1.cpp
  Level_2.cpp
  Level_3.cpp
  Level_4.cpp
D:\GitHub\RedIce2\RedIce2\RedIce2\Level_4.cpp(62,9): error C2352: "Shop::BuyOrNor": для вызова нестатической функции-члена требуется объект
      D:\GitHub\RedIce2\RedIce2\RedIce2\Shop.h(24,7):
       см. объявление "Shop::BuyOrNor"
  
  Level_5.cpp
  PlayerController.cpp
  RedIce2.cpp
  Shop.cpp
  Text.cpp
D:\GitHub\RedIce2\RedIce2\RedIce2\Text.cpp(40,10): warning C4566: символ, представленный универсальным именем символа "\u2003", невозможно представить в текущей кодовой странице (1251)
D:\GitHub\RedIce2\RedIce2\RedIce2\Text.cpp(41,3): warning C4566: символ, представленный универсальным именем символа "\u2003", невозможно представить в текущей кодовой странице (1251)
D:\GitHub\RedIce2\RedIce2\RedIce2\Text.cpp(46,10): warning C4566: символ, представленный универсальным именем символа "\u2003", невозможно представить в текущей кодовой странице (1251)
D:\GitHub\RedIce2\RedIce2\RedIce2\Text.cpp(47,3): warning C4566: символ, представленный универсальным именем символа "\u2003", невозможно представить в текущей кодовой странице (1251)
D:\GitHub\RedIce2\RedIce2\RedIce2\Text.cpp(80,10): warning C4566: символ, представленный универсальным именем символа "\u2003", невозможно представить в текущей кодовой странице (1251)
  Создание кода...
